seal.pt main func called
************* Seal - vk.com bot ****************
Loaded configuration 
access_token: {expires_in: 0, user_id: 0987654321, value: null}
enabled_modules_list: config/enabled_modules.list
message_count: 200
mod_threads: 8
msg_threads: 8
stats_file: statistics.yaml
twocaptcha_api_key: null

Seal process started...
Seal started from seal_breeder - connecting slots...
seal receiving signals...
on_add_friend_cmd, body - b'signal:add_friend from manager to seal:1234567890 with #1', header - <BasicProperties(['content_type=text/plain'])>, method - <Basic.Deliver(['consumer_tag=ctag1.74678979a1a4448a8229b87b2774a57e', 'delivery_tag=1', 'exchange=manager_to_seal', 'redelivered=False', 'routing_key=add_friend.manager.1234567890'])>
on_join_chat_cmd, body - b'signal:join_chat from manager to seal:1234567890 with #1', header - <BasicProperties(['content_type=text/plain'])>, method - <Basic.Deliver(['consumer_tag=ctag1.027b294c4fe14671bd367e7a0734d38a', 'delivery_tag=2', 'exchange=manager_to_seal', 'redelivered=False', 'routing_key=join_chat.manager.1234567890'])>
on_add_friend_cmd, body - b'signal:add_friend from manager to seal:1234567890 with #3', header - <BasicProperties(['content_type=text/plain'])>, method - <Basic.Deliver(['consumer_tag=ctag1.74678979a1a4448a8229b87b2774a57e', 'delivery_tag=3', 'exchange=manager_to_seal', 'redelivered=False', 'routing_key=add_friend.manager.1234567890'])>
on_join_chat_cmd, body - b'signal:join_chat from manager to seal:1234567890 with #3', header - <BasicProperties(['content_type=text/plain'])>, method - <Basic.Deliver(['consumer_tag=ctag1.027b294c4fe14671bd367e7a0734d38a', 'delivery_tag=4', 'exchange=manager_to_seal', 'redelivered=False', 'routing_key=join_chat.manager.1234567890'])>
on_add_friend_cmd, body - b'signal:add_friend from manager to seal:0987654321 with #0', header - <BasicProperties(['content_type=text/plain'])>, method - <Basic.Deliver(['consumer_tag=ctag1.74678979a1a4448a8229b87b2774a57e', 'delivery_tag=5', 'exchange=manager_to_seal', 'redelivered=False', 'routing_key=add_friend.manager.0987654321'])>
on_join_chat_cmd, body - b'signal:join_chat from manager to seal:0987654321 with #0', header - <BasicProperties(['content_type=text/plain'])>, method - <Basic.Deliver(['consumer_tag=ctag1.027b294c4fe14671bd367e7a0734d38a', 'delivery_tag=6', 'exchange=manager_to_seal', 'redelivered=False', 'routing_key=join_chat.manager.0987654321'])>
on_add_friend_cmd, body - b'signal:add_friend from manager to seal:0987654321 with #2', header - <BasicProperties(['content_type=text/plain'])>, method - <Basic.Deliver(['consumer_tag=ctag1.74678979a1a4448a8229b87b2774a57e', 'delivery_tag=7', 'exchange=manager_to_seal', 'redelivered=False', 'routing_key=add_friend.manager.0987654321'])>
on_join_chat_cmd, body - b'signal:join_chat from manager to seal:0987654321 with #2', header - <BasicProperties(['content_type=text/plain'])>, method - <Basic.Deliver(['consumer_tag=ctag1.027b294c4fe14671bd367e7a0734d38a', 'delivery_tag=8', 'exchange=manager_to_seal', 'redelivered=False', 'routing_key=join_chat.manager.0987654321'])>
on_add_friend_cmd, body - b'signal:add_friend from manager to seal:0987654321 with #4', header - <BasicProperties(['content_type=text/plain'])>, method - <Basic.Deliver(['consumer_tag=ctag1.74678979a1a4448a8229b87b2774a57e', 'delivery_tag=9', 'exchange=manager_to_seal', 'redelivered=False', 'routing_key=add_friend.manager.0987654321'])>
on_join_chat_cmd, body - b'signal:join_chat from manager to seal:0987654321 with #4', header - <BasicProperties(['content_type=text/plain'])>, method - <Basic.Deliver(['consumer_tag=ctag1.027b294c4fe14671bd367e7a0734d38a', 'delivery_tag=10', 'exchange=manager_to_seal', 'redelivered=False', 'routing_key=join_chat.manager.0987654321'])>
* seal's processing messages ...
seal receiving signals...
on_add_friend_cmd, body - b'signal:add_friend from manager to seal:1234567890 with #1', header - <BasicProperties(['content_type=text/plain'])>, method - <Basic.Deliver(['consumer_tag=ctag1.74678979a1a4448a8229b87b2774a57e', 'delivery_tag=11', 'exchange=manager_to_seal', 'redelivered=False', 'routing_key=add_friend.manager.1234567890'])>
on_join_chat_cmd, body - b'signal:join_chat from manager to seal:1234567890 with #1', header - <BasicProperties(['content_type=text/plain'])>, method - <Basic.Deliver(['consumer_tag=ctag1.027b294c4fe14671bd367e7a0734d38a', 'delivery_tag=12', 'exchange=manager_to_seal', 'redelivered=False', 'routing_key=join_chat.manager.1234567890'])>
on_add_friend_cmd, body - b'signal:add_friend from manager to seal:1234567890 with #3', header - <BasicProperties(['content_type=text/plain'])>, method - <Basic.Deliver(['consumer_tag=ctag1.74678979a1a4448a8229b87b2774a57e', 'delivery_tag=13', 'exchange=manager_to_seal', 'redelivered=False', 'routing_key=add_friend.manager.1234567890'])>
on_join_chat_cmd, body - b'signal:join_chat from manager to seal:1234567890 with #3', header - <BasicProperties(['content_type=text/plain'])>, method - <Basic.Deliver(['consumer_tag=ctag1.027b294c4fe14671bd367e7a0734d38a', 'delivery_tag=14', 'exchange=manager_to_seal', 'redelivered=False', 'routing_key=join_chat.manager.1234567890'])>
on_add_friend_cmd, body - b'signal:add_friend from manager to seal:0987654321 with #0', header - <BasicProperties(['content_type=text/plain'])>, method - <Basic.Deliver(['consumer_tag=ctag1.74678979a1a4448a8229b87b2774a57e', 'delivery_tag=15', 'exchange=manager_to_seal', 'redelivered=False', 'routing_key=add_friend.manager.0987654321'])>
on_join_chat_cmd, body - b'signal:join_chat from manager to seal:0987654321 with #0', header - <BasicProperties(['content_type=text/plain'])>, method - <Basic.Deliver(['consumer_tag=ctag1.027b294c4fe14671bd367e7a0734d38a', 'delivery_tag=16', 'exchange=manager_to_seal', 'redelivered=False', 'routing_key=join_chat.manager.0987654321'])>
on_add_friend_cmd, body - b'signal:add_friend from manager to seal:0987654321 with #2', header - <BasicProperties(['content_type=text/plain'])>, method - <Basic.Deliver(['consumer_tag=ctag1.74678979a1a4448a8229b87b2774a57e', 'delivery_tag=17', 'exchange=manager_to_seal', 'redelivered=False', 'routing_key=add_friend.manager.0987654321'])>
on_join_chat_cmd, body - b'signal:join_chat from manager to seal:0987654321 with #2', header - <BasicProperties(['content_type=text/plain'])>, method - <Basic.Deliver(['consumer_tag=ctag1.027b294c4fe14671bd367e7a0734d38a', 'delivery_tag=18', 'exchange=manager_to_seal', 'redelivered=False', 'routing_key=join_chat.manager.0987654321'])>
on_add_friend_cmd, body - b'signal:add_friend from manager to seal:0987654321 with #4', header - <BasicProperties(['content_type=text/plain'])>, method - <Basic.Deliver(['consumer_tag=ctag1.74678979a1a4448a8229b87b2774a57e', 'delivery_tag=19', 'exchange=manager_to_seal', 'redelivered=False', 'routing_key=add_friend.manager.0987654321'])>
on_join_chat_cmd, body - b'signal:join_chat from manager to seal:0987654321 with #4', header - <BasicProperties(['content_type=text/plain'])>, method - <Basic.Deliver(['consumer_tag=ctag1.027b294c4fe14671bd367e7a0734d38a', 'delivery_tag=20', 'exchange=manager_to_seal', 'redelivered=False', 'routing_key=join_chat.manager.0987654321'])>
* seal's processing messages ...
seal receiving signals...
on_add_friend_cmd, body - b'signal:add_friend from manager to seal:1234567890 with #1', header - <BasicProperties(['content_type=text/plain'])>, method - <Basic.Deliver(['consumer_tag=ctag1.74678979a1a4448a8229b87b2774a57e', 'delivery_tag=21', 'exchange=manager_to_seal', 'redelivered=False', 'routing_key=add_friend.manager.1234567890'])>
on_join_chat_cmd, body - b'signal:join_chat from manager to seal:1234567890 with #1', header - <BasicProperties(['content_type=text/plain'])>, method - <Basic.Deliver(['consumer_tag=ctag1.027b294c4fe14671bd367e7a0734d38a', 'delivery_tag=22', 'exchange=manager_to_seal', 'redelivered=False', 'routing_key=join_chat.manager.1234567890'])>
on_add_friend_cmd, body - b'signal:add_friend from manager to seal:1234567890 with #3', header - <BasicProperties(['content_type=text/plain'])>, method - <Basic.Deliver(['consumer_tag=ctag1.74678979a1a4448a8229b87b2774a57e', 'delivery_tag=23', 'exchange=manager_to_seal', 'redelivered=False', 'routing_key=add_friend.manager.1234567890'])>
on_join_chat_cmd, body - b'signal:join_chat from manager to seal:1234567890 with #3', header - <BasicProperties(['content_type=text/plain'])>, method - <Basic.Deliver(['consumer_tag=ctag1.027b294c4fe14671bd367e7a0734d38a', 'delivery_tag=24', 'exchange=manager_to_seal', 'redelivered=False', 'routing_key=join_chat.manager.1234567890'])>
on_add_friend_cmd, body - b'signal:add_friend from manager to seal:0987654321 with #0', header - <BasicProperties(['content_type=text/plain'])>, method - <Basic.Deliver(['consumer_tag=ctag1.74678979a1a4448a8229b87b2774a57e', 'delivery_tag=25', 'exchange=manager_to_seal', 'redelivered=False', 'routing_key=add_friend.manager.0987654321'])>
on_join_chat_cmd, body - b'signal:join_chat from manager to seal:0987654321 with #0', header - <BasicProperties(['content_type=text/plain'])>, method - <Basic.Deliver(['consumer_tag=ctag1.027b294c4fe14671bd367e7a0734d38a', 'delivery_tag=26', 'exchange=manager_to_seal', 'redelivered=False', 'routing_key=join_chat.manager.0987654321'])>
* seal's processing messages ...
seal receiving signals...
on_add_friend_cmd, body - b'signal:add_friend from manager to seal:0987654321 with #2', header - <BasicProperties(['content_type=text/plain'])>, method - <Basic.Deliver(['consumer_tag=ctag1.74678979a1a4448a8229b87b2774a57e', 'delivery_tag=27', 'exchange=manager_to_seal', 'redelivered=False', 'routing_key=add_friend.manager.0987654321'])>
on_join_chat_cmd, body - b'signal:join_chat from manager to seal:0987654321 with #2', header - <BasicProperties(['content_type=text/plain'])>, method - <Basic.Deliver(['consumer_tag=ctag1.027b294c4fe14671bd367e7a0734d38a', 'delivery_tag=28', 'exchange=manager_to_seal', 'redelivered=False', 'routing_key=join_chat.manager.0987654321'])>
on_add_friend_cmd, body - b'signal:add_friend from manager to seal:0987654321 with #4', header - <BasicProperties(['content_type=text/plain'])>, method - <Basic.Deliver(['consumer_tag=ctag1.74678979a1a4448a8229b87b2774a57e', 'delivery_tag=29', 'exchange=manager_to_seal', 'redelivered=False', 'routing_key=add_friend.manager.0987654321'])>
on_join_chat_cmd, body - b'signal:join_chat from manager to seal:0987654321 with #4', header - <BasicProperties(['content_type=text/plain'])>, method - <Basic.Deliver(['consumer_tag=ctag1.027b294c4fe14671bd367e7a0734d38a', 'delivery_tag=30', 'exchange=manager_to_seal', 'redelivered=False', 'routing_key=join_chat.manager.0987654321'])>
on_add_friend_cmd, body - b'signal:add_friend from manager to seal:1234567890 with #1', header - <BasicProperties(['content_type=text/plain'])>, method - <Basic.Deliver(['consumer_tag=ctag1.74678979a1a4448a8229b87b2774a57e', 'delivery_tag=31', 'exchange=manager_to_seal', 'redelivered=False', 'routing_key=add_friend.manager.1234567890'])>
on_join_chat_cmd, body - b'signal:join_chat from manager to seal:1234567890 with #1', header - <BasicProperties(['content_type=text/plain'])>, method - <Basic.Deliver(['consumer_tag=ctag1.027b294c4fe14671bd367e7a0734d38a', 'delivery_tag=32', 'exchange=manager_to_seal', 'redelivered=False', 'routing_key=join_chat.manager.1234567890'])>
* seal's processing messages ...
seal receiving signals...
on_add_friend_cmd, body - b'signal:add_friend from manager to seal:1234567890 with #3', header - <BasicProperties(['content_type=text/plain'])>, method - <Basic.Deliver(['consumer_tag=ctag1.74678979a1a4448a8229b87b2774a57e', 'delivery_tag=33', 'exchange=manager_to_seal', 'redelivered=False', 'routing_key=add_friend.manager.1234567890'])>
on_join_chat_cmd, body - b'signal:join_chat from manager to seal:1234567890 with #3', header - <BasicProperties(['content_type=text/plain'])>, method - <Basic.Deliver(['consumer_tag=ctag1.027b294c4fe14671bd367e7a0734d38a', 'delivery_tag=34', 'exchange=manager_to_seal', 'redelivered=False', 'routing_key=join_chat.manager.1234567890'])>
on_add_friend_cmd, body - b'signal:add_friend from manager to seal:0987654321 with #0', header - <BasicProperties(['content_type=text/plain'])>, method - <Basic.Deliver(['consumer_tag=ctag1.74678979a1a4448a8229b87b2774a57e', 'delivery_tag=35', 'exchange=manager_to_seal', 'redelivered=False', 'routing_key=add_friend.manager.0987654321'])>
on_join_chat_cmd, body - b'signal:join_chat from manager to seal:0987654321 with #0', header - <BasicProperties(['content_type=text/plain'])>, method - <Basic.Deliver(['consumer_tag=ctag1.027b294c4fe14671bd367e7a0734d38a', 'delivery_tag=36', 'exchange=manager_to_seal', 'redelivered=False', 'routing_key=join_chat.manager.0987654321'])>
on_add_friend_cmd, body - b'signal:add_friend from manager to seal:0987654321 with #2', header - <BasicProperties(['content_type=text/plain'])>, method - <Basic.Deliver(['consumer_tag=ctag1.74678979a1a4448a8229b87b2774a57e', 'delivery_tag=37', 'exchange=manager_to_seal', 'redelivered=False', 'routing_key=add_friend.manager.0987654321'])>
on_join_chat_cmd, body - b'signal:join_chat from manager to seal:0987654321 with #2', header - <BasicProperties(['content_type=text/plain'])>, method - <Basic.Deliver(['consumer_tag=ctag1.027b294c4fe14671bd367e7a0734d38a', 'delivery_tag=38', 'exchange=manager_to_seal', 'redelivered=False', 'routing_key=join_chat.manager.0987654321'])>
on_add_friend_cmd, body - b'signal:add_friend from manager to seal:0987654321 with #4', header - <BasicProperties(['content_type=text/plain'])>, method - <Basic.Deliver(['consumer_tag=ctag1.74678979a1a4448a8229b87b2774a57e', 'delivery_tag=39', 'exchange=manager_to_seal', 'redelivered=False', 'routing_key=add_friend.manager.0987654321'])>
on_join_chat_cmd, body - b'signal:join_chat from manager to seal:0987654321 with #4', header - <BasicProperties(['content_type=text/plain'])>, method - <Basic.Deliver(['consumer_tag=ctag1.027b294c4fe14671bd367e7a0734d38a', 'delivery_tag=40', 'exchange=manager_to_seal', 'redelivered=False', 'routing_key=join_chat.manager.0987654321'])>
* seal's processing messages ...
seal receiving signals...
on_add_friend_cmd, body - b'signal:add_friend from manager to seal:1234567890 with #1', header - <BasicProperties(['content_type=text/plain'])>, method - <Basic.Deliver(['consumer_tag=ctag1.74678979a1a4448a8229b87b2774a57e', 'delivery_tag=41', 'exchange=manager_to_seal', 'redelivered=False', 'routing_key=add_friend.manager.1234567890'])>
on_join_chat_cmd, body - b'signal:join_chat from manager to seal:1234567890 with #1', header - <BasicProperties(['content_type=text/plain'])>, method - <Basic.Deliver(['consumer_tag=ctag1.027b294c4fe14671bd367e7a0734d38a', 'delivery_tag=42', 'exchange=manager_to_seal', 'redelivered=False', 'routing_key=join_chat.manager.1234567890'])>
on_add_friend_cmd, body - b'signal:add_friend from manager to seal:1234567890 with #3', header - <BasicProperties(['content_type=text/plain'])>, method - <Basic.Deliver(['consumer_tag=ctag1.74678979a1a4448a8229b87b2774a57e', 'delivery_tag=43', 'exchange=manager_to_seal', 'redelivered=False', 'routing_key=add_friend.manager.1234567890'])>
on_join_chat_cmd, body - b'signal:join_chat from manager to seal:1234567890 with #3', header - <BasicProperties(['content_type=text/plain'])>, method - <Basic.Deliver(['consumer_tag=ctag1.027b294c4fe14671bd367e7a0734d38a', 'delivery_tag=44', 'exchange=manager_to_seal', 'redelivered=False', 'routing_key=join_chat.manager.1234567890'])>
on_add_friend_cmd, body - b'signal:add_friend from manager to seal:0987654321 with #0', header - <BasicProperties(['content_type=text/plain'])>, method - <Basic.Deliver(['consumer_tag=ctag1.74678979a1a4448a8229b87b2774a57e', 'delivery_tag=45', 'exchange=manager_to_seal', 'redelivered=False', 'routing_key=add_friend.manager.0987654321'])>
on_join_chat_cmd, body - b'signal:join_chat from manager to seal:0987654321 with #0', header - <BasicProperties(['content_type=text/plain'])>, method - <Basic.Deliver(['consumer_tag=ctag1.027b294c4fe14671bd367e7a0734d38a', 'delivery_tag=46', 'exchange=manager_to_seal', 'redelivered=False', 'routing_key=join_chat.manager.0987654321'])>
on_add_friend_cmd, body - b'signal:add_friend from manager to seal:0987654321 with #2', header - <BasicProperties(['content_type=text/plain'])>, method - <Basic.Deliver(['consumer_tag=ctag1.74678979a1a4448a8229b87b2774a57e', 'delivery_tag=47', 'exchange=manager_to_seal', 'redelivered=False', 'routing_key=add_friend.manager.0987654321'])>
on_join_chat_cmd, body - b'signal:join_chat from manager to seal:0987654321 with #2', header - <BasicProperties(['content_type=text/plain'])>, method - <Basic.Deliver(['consumer_tag=ctag1.027b294c4fe14671bd367e7a0734d38a', 'delivery_tag=48', 'exchange=manager_to_seal', 'redelivered=False', 'routing_key=join_chat.manager.0987654321'])>
on_add_friend_cmd, body - b'signal:add_friend from manager to seal:0987654321 with #4', header - <BasicProperties(['content_type=text/plain'])>, method - <Basic.Deliver(['consumer_tag=ctag1.74678979a1a4448a8229b87b2774a57e', 'delivery_tag=49', 'exchange=manager_to_seal', 'redelivered=False', 'routing_key=add_friend.manager.0987654321'])>
on_join_chat_cmd, body - b'signal:join_chat from manager to seal:0987654321 with #4', header - <BasicProperties(['content_type=text/plain'])>, method - <Basic.Deliver(['consumer_tag=ctag1.027b294c4fe14671bd367e7a0734d38a', 'delivery_tag=50', 'exchange=manager_to_seal', 'redelivered=False', 'routing_key=join_chat.manager.0987654321'])>
* seal's processing messages ...
seal receiving signals...
on_add_friend_cmd, body - b'signal:add_friend from manager to seal:1234567890 with #1', header - <BasicProperties(['content_type=text/plain'])>, method - <Basic.Deliver(['consumer_tag=ctag1.74678979a1a4448a8229b87b2774a57e', 'delivery_tag=51', 'exchange=manager_to_seal', 'redelivered=False', 'routing_key=add_friend.manager.1234567890'])>
on_join_chat_cmd, body - b'signal:join_chat from manager to seal:1234567890 with #1', header - <BasicProperties(['content_type=text/plain'])>, method - <Basic.Deliver(['consumer_tag=ctag1.027b294c4fe14671bd367e7a0734d38a', 'delivery_tag=52', 'exchange=manager_to_seal', 'redelivered=False', 'routing_key=join_chat.manager.1234567890'])>
on_add_friend_cmd, body - b'signal:add_friend from manager to seal:1234567890 with #3', header - <BasicProperties(['content_type=text/plain'])>, method - <Basic.Deliver(['consumer_tag=ctag1.74678979a1a4448a8229b87b2774a57e', 'delivery_tag=53', 'exchange=manager_to_seal', 'redelivered=False', 'routing_key=add_friend.manager.1234567890'])>
on_join_chat_cmd, body - b'signal:join_chat from manager to seal:1234567890 with #3', header - <BasicProperties(['content_type=text/plain'])>, method - <Basic.Deliver(['consumer_tag=ctag1.027b294c4fe14671bd367e7a0734d38a', 'delivery_tag=54', 'exchange=manager_to_seal', 'redelivered=False', 'routing_key=join_chat.manager.1234567890'])>
on_add_friend_cmd, body - b'signal:add_friend from manager to seal:0987654321 with #0', header - <BasicProperties(['content_type=text/plain'])>, method - <Basic.Deliver(['consumer_tag=ctag1.74678979a1a4448a8229b87b2774a57e', 'delivery_tag=55', 'exchange=manager_to_seal', 'redelivered=False', 'routing_key=add_friend.manager.0987654321'])>
on_join_chat_cmd, body - b'signal:join_chat from manager to seal:0987654321 with #0', header - <BasicProperties(['content_type=text/plain'])>, method - <Basic.Deliver(['consumer_tag=ctag1.027b294c4fe14671bd367e7a0734d38a', 'delivery_tag=56', 'exchange=manager_to_seal', 'redelivered=False', 'routing_key=join_chat.manager.0987654321'])>
on_add_friend_cmd, body - b'signal:add_friend from manager to seal:0987654321 with #2', header - <BasicProperties(['content_type=text/plain'])>, method - <Basic.Deliver(['consumer_tag=ctag1.74678979a1a4448a8229b87b2774a57e', 'delivery_tag=57', 'exchange=manager_to_seal', 'redelivered=False', 'routing_key=add_friend.manager.0987654321'])>
on_join_chat_cmd, body - b'signal:join_chat from manager to seal:0987654321 with #2', header - <BasicProperties(['content_type=text/plain'])>, method - <Basic.Deliver(['consumer_tag=ctag1.027b294c4fe14671bd367e7a0734d38a', 'delivery_tag=58', 'exchange=manager_to_seal', 'redelivered=False', 'routing_key=join_chat.manager.0987654321'])>
on_add_friend_cmd, body - b'signal:add_friend from manager to seal:0987654321 with #4', header - <BasicProperties(['content_type=text/plain'])>, method - <Basic.Deliver(['consumer_tag=ctag1.74678979a1a4448a8229b87b2774a57e', 'delivery_tag=59', 'exchange=manager_to_seal', 'redelivered=False', 'routing_key=add_friend.manager.0987654321'])>
* seal's processing messages ...
seal receiving signals...
on_join_chat_cmd, body - b'signal:join_chat from manager to seal:0987654321 with #4', header - <BasicProperties(['content_type=text/plain'])>, method - <Basic.Deliver(['consumer_tag=ctag1.027b294c4fe14671bd367e7a0734d38a', 'delivery_tag=60', 'exchange=manager_to_seal', 'redelivered=False', 'routing_key=join_chat.manager.0987654321'])>
on_add_friend_cmd, body - b'signal:add_friend from manager to seal:1234567890 with #1', header - <BasicProperties(['content_type=text/plain'])>, method - <Basic.Deliver(['consumer_tag=ctag1.74678979a1a4448a8229b87b2774a57e', 'delivery_tag=61', 'exchange=manager_to_seal', 'redelivered=False', 'routing_key=add_friend.manager.1234567890'])>
on_join_chat_cmd, body - b'signal:join_chat from manager to seal:1234567890 with #1', header - <BasicProperties(['content_type=text/plain'])>, method - <Basic.Deliver(['consumer_tag=ctag1.027b294c4fe14671bd367e7a0734d38a', 'delivery_tag=62', 'exchange=manager_to_seal', 'redelivered=False', 'routing_key=join_chat.manager.1234567890'])>
on_add_friend_cmd, body - b'signal:add_friend from manager to seal:1234567890 with #3', header - <BasicProperties(['content_type=text/plain'])>, method - <Basic.Deliver(['consumer_tag=ctag1.74678979a1a4448a8229b87b2774a57e', 'delivery_tag=63', 'exchange=manager_to_seal', 'redelivered=False', 'routing_key=add_friend.manager.1234567890'])>
on_join_chat_cmd, body - b'signal:join_chat from manager to seal:1234567890 with #3', header - <BasicProperties(['content_type=text/plain'])>, method - <Basic.Deliver(['consumer_tag=ctag1.027b294c4fe14671bd367e7a0734d38a', 'delivery_tag=64', 'exchange=manager_to_seal', 'redelivered=False', 'routing_key=join_chat.manager.1234567890'])>
on_add_friend_cmd, body - b'signal:add_friend from manager to seal:0987654321 with #0', header - <BasicProperties(['content_type=text/plain'])>, method - <Basic.Deliver(['consumer_tag=ctag1.74678979a1a4448a8229b87b2774a57e', 'delivery_tag=65', 'exchange=manager_to_seal', 'redelivered=False', 'routing_key=add_friend.manager.0987654321'])>
on_join_chat_cmd, body - b'signal:join_chat from manager to seal:0987654321 with #0', header - <BasicProperties(['content_type=text/plain'])>, method - <Basic.Deliver(['consumer_tag=ctag1.027b294c4fe14671bd367e7a0734d38a', 'delivery_tag=66', 'exchange=manager_to_seal', 'redelivered=False', 'routing_key=join_chat.manager.0987654321'])>
on_add_friend_cmd, body - b'signal:add_friend from manager to seal:0987654321 with #2', header - <BasicProperties(['content_type=text/plain'])>, method - <Basic.Deliver(['consumer_tag=ctag1.74678979a1a4448a8229b87b2774a57e', 'delivery_tag=67', 'exchange=manager_to_seal', 'redelivered=False', 'routing_key=add_friend.manager.0987654321'])>
* seal's processing messages ...
seal receiving signals...
on_join_chat_cmd, body - b'signal:join_chat from manager to seal:0987654321 with #2', header - <BasicProperties(['content_type=text/plain'])>, method - <Basic.Deliver(['consumer_tag=ctag1.027b294c4fe14671bd367e7a0734d38a', 'delivery_tag=68', 'exchange=manager_to_seal', 'redelivered=False', 'routing_key=join_chat.manager.0987654321'])>
on_add_friend_cmd, body - b'signal:add_friend from manager to seal:0987654321 with #4', header - <BasicProperties(['content_type=text/plain'])>, method - <Basic.Deliver(['consumer_tag=ctag1.74678979a1a4448a8229b87b2774a57e', 'delivery_tag=69', 'exchange=manager_to_seal', 'redelivered=False', 'routing_key=add_friend.manager.0987654321'])>
on_join_chat_cmd, body - b'signal:join_chat from manager to seal:0987654321 with #4', header - <BasicProperties(['content_type=text/plain'])>, method - <Basic.Deliver(['consumer_tag=ctag1.027b294c4fe14671bd367e7a0734d38a', 'delivery_tag=70', 'exchange=manager_to_seal', 'redelivered=False', 'routing_key=join_chat.manager.0987654321'])>
on_add_friend_cmd, body - b'signal:add_friend from manager to seal:1234567890 with #1', header - <BasicProperties(['content_type=text/plain'])>, method - <Basic.Deliver(['consumer_tag=ctag1.74678979a1a4448a8229b87b2774a57e', 'delivery_tag=71', 'exchange=manager_to_seal', 'redelivered=False', 'routing_key=add_friend.manager.1234567890'])>
on_join_chat_cmd, body - b'signal:join_chat from manager to seal:1234567890 with #1', header - <BasicProperties(['content_type=text/plain'])>, method - <Basic.Deliver(['consumer_tag=ctag1.027b294c4fe14671bd367e7a0734d38a', 'delivery_tag=72', 'exchange=manager_to_seal', 'redelivered=False', 'routing_key=join_chat.manager.1234567890'])>
on_add_friend_cmd, body - b'signal:add_friend from manager to seal:1234567890 with #3', header - <BasicProperties(['content_type=text/plain'])>, method - <Basic.Deliver(['consumer_tag=ctag1.74678979a1a4448a8229b87b2774a57e', 'delivery_tag=73', 'exchange=manager_to_seal', 'redelivered=False', 'routing_key=add_friend.manager.1234567890'])>
on_join_chat_cmd, body - b'signal:join_chat from manager to seal:1234567890 with #3', header - <BasicProperties(['content_type=text/plain'])>, method - <Basic.Deliver(['consumer_tag=ctag1.027b294c4fe14671bd367e7a0734d38a', 'delivery_tag=74', 'exchange=manager_to_seal', 'redelivered=False', 'routing_key=join_chat.manager.1234567890'])>
on_add_friend_cmd, body - b'signal:add_friend from manager to seal:0987654321 with #0', header - <BasicProperties(['content_type=text/plain'])>, method - <Basic.Deliver(['consumer_tag=ctag1.74678979a1a4448a8229b87b2774a57e', 'delivery_tag=75', 'exchange=manager_to_seal', 'redelivered=False', 'routing_key=add_friend.manager.0987654321'])>
on_join_chat_cmd, body - b'signal:join_chat from manager to seal:0987654321 with #0', header - <BasicProperties(['content_type=text/plain'])>, method - <Basic.Deliver(['consumer_tag=ctag1.027b294c4fe14671bd367e7a0734d38a', 'delivery_tag=76', 'exchange=manager_to_seal', 'redelivered=False', 'routing_key=join_chat.manager.0987654321'])>
* seal's processing messages ...
seal receiving signals...
on_add_friend_cmd, body - b'signal:add_friend from manager to seal:0987654321 with #2', header - <BasicProperties(['content_type=text/plain'])>, method - <Basic.Deliver(['consumer_tag=ctag1.74678979a1a4448a8229b87b2774a57e', 'delivery_tag=77', 'exchange=manager_to_seal', 'redelivered=False', 'routing_key=add_friend.manager.0987654321'])>
on_join_chat_cmd, body - b'signal:join_chat from manager to seal:0987654321 with #2', header - <BasicProperties(['content_type=text/plain'])>, method - <Basic.Deliver(['consumer_tag=ctag1.027b294c4fe14671bd367e7a0734d38a', 'delivery_tag=78', 'exchange=manager_to_seal', 'redelivered=False', 'routing_key=join_chat.manager.0987654321'])>
on_add_friend_cmd, body - b'signal:add_friend from manager to seal:0987654321 with #4', header - <BasicProperties(['content_type=text/plain'])>, method - <Basic.Deliver(['consumer_tag=ctag1.74678979a1a4448a8229b87b2774a57e', 'delivery_tag=79', 'exchange=manager_to_seal', 'redelivered=False', 'routing_key=add_friend.manager.0987654321'])>
on_join_chat_cmd, body - b'signal:join_chat from manager to seal:0987654321 with #4', header - <BasicProperties(['content_type=text/plain'])>, method - <Basic.Deliver(['consumer_tag=ctag1.027b294c4fe14671bd367e7a0734d38a', 'delivery_tag=80', 'exchange=manager_to_seal', 'redelivered=False', 'routing_key=join_chat.manager.0987654321'])>
on_add_friend_cmd, body - b'signal:add_friend from manager to seal:1234567890 with #1', header - <BasicProperties(['content_type=text/plain'])>, method - <Basic.Deliver(['consumer_tag=ctag1.74678979a1a4448a8229b87b2774a57e', 'delivery_tag=81', 'exchange=manager_to_seal', 'redelivered=False', 'routing_key=add_friend.manager.1234567890'])>
on_join_chat_cmd, body - b'signal:join_chat from manager to seal:1234567890 with #1', header - <BasicProperties(['content_type=text/plain'])>, method - <Basic.Deliver(['consumer_tag=ctag1.027b294c4fe14671bd367e7a0734d38a', 'delivery_tag=82', 'exchange=manager_to_seal', 'redelivered=False', 'routing_key=join_chat.manager.1234567890'])>
* seal's processing messages ...
seal receiving signals...
on_add_friend_cmd, body - b'signal:add_friend from manager to seal:1234567890 with #3', header - <BasicProperties(['content_type=text/plain'])>, method - <Basic.Deliver(['consumer_tag=ctag1.74678979a1a4448a8229b87b2774a57e', 'delivery_tag=83', 'exchange=manager_to_seal', 'redelivered=False', 'routing_key=add_friend.manager.1234567890'])>
on_join_chat_cmd, body - b'signal:join_chat from manager to seal:1234567890 with #3', header - <BasicProperties(['content_type=text/plain'])>, method - <Basic.Deliver(['consumer_tag=ctag1.027b294c4fe14671bd367e7a0734d38a', 'delivery_tag=84', 'exchange=manager_to_seal', 'redelivered=False', 'routing_key=join_chat.manager.1234567890'])>
on_add_friend_cmd, body - b'signal:add_friend from manager to seal:0987654321 with #0', header - <BasicProperties(['content_type=text/plain'])>, method - <Basic.Deliver(['consumer_tag=ctag1.74678979a1a4448a8229b87b2774a57e', 'delivery_tag=85', 'exchange=manager_to_seal', 'redelivered=False', 'routing_key=add_friend.manager.0987654321'])>
on_join_chat_cmd, body - b'signal:join_chat from manager to seal:0987654321 with #0', header - <BasicProperties(['content_type=text/plain'])>, method - <Basic.Deliver(['consumer_tag=ctag1.027b294c4fe14671bd367e7a0734d38a', 'delivery_tag=86', 'exchange=manager_to_seal', 'redelivered=False', 'routing_key=join_chat.manager.0987654321'])>
on_add_friend_cmd, body - b'signal:add_friend from manager to seal:0987654321 with #2', header - <BasicProperties(['content_type=text/plain'])>, method - <Basic.Deliver(['consumer_tag=ctag1.74678979a1a4448a8229b87b2774a57e', 'delivery_tag=87', 'exchange=manager_to_seal', 'redelivered=False', 'routing_key=add_friend.manager.0987654321'])>
on_join_chat_cmd, body - b'signal:join_chat from manager to seal:0987654321 with #2', header - <BasicProperties(['content_type=text/plain'])>, method - <Basic.Deliver(['consumer_tag=ctag1.027b294c4fe14671bd367e7a0734d38a', 'delivery_tag=88', 'exchange=manager_to_seal', 'redelivered=False', 'routing_key=join_chat.manager.0987654321'])>
on_add_friend_cmd, body - b'signal:add_friend from manager to seal:0987654321 with #4', header - <BasicProperties(['content_type=text/plain'])>, method - <Basic.Deliver(['consumer_tag=ctag1.74678979a1a4448a8229b87b2774a57e', 'delivery_tag=89', 'exchange=manager_to_seal', 'redelivered=False', 'routing_key=add_friend.manager.0987654321'])>
on_join_chat_cmd, body - b'signal:join_chat from manager to seal:0987654321 with #4', header - <BasicProperties(['content_type=text/plain'])>, method - <Basic.Deliver(['consumer_tag=ctag1.027b294c4fe14671bd367e7a0734d38a', 'delivery_tag=90', 'exchange=manager_to_seal', 'redelivered=False', 'routing_key=join_chat.manager.0987654321'])>
* seal's processing messages ...
seal receiving signals...
on_add_friend_cmd, body - b'signal:add_friend from manager to seal:1234567890 with #1', header - <BasicProperties(['content_type=text/plain'])>, method - <Basic.Deliver(['consumer_tag=ctag1.74678979a1a4448a8229b87b2774a57e', 'delivery_tag=91', 'exchange=manager_to_seal', 'redelivered=False', 'routing_key=add_friend.manager.1234567890'])>
on_join_chat_cmd, body - b'signal:join_chat from manager to seal:1234567890 with #1', header - <BasicProperties(['content_type=text/plain'])>, method - <Basic.Deliver(['consumer_tag=ctag1.027b294c4fe14671bd367e7a0734d38a', 'delivery_tag=92', 'exchange=manager_to_seal', 'redelivered=False', 'routing_key=join_chat.manager.1234567890'])>
on_add_friend_cmd, body - b'signal:add_friend from manager to seal:1234567890 with #3', header - <BasicProperties(['content_type=text/plain'])>, method - <Basic.Deliver(['consumer_tag=ctag1.74678979a1a4448a8229b87b2774a57e', 'delivery_tag=93', 'exchange=manager_to_seal', 'redelivered=False', 'routing_key=add_friend.manager.1234567890'])>
on_join_chat_cmd, body - b'signal:join_chat from manager to seal:1234567890 with #3', header - <BasicProperties(['content_type=text/plain'])>, method - <Basic.Deliver(['consumer_tag=ctag1.027b294c4fe14671bd367e7a0734d38a', 'delivery_tag=94', 'exchange=manager_to_seal', 'redelivered=False', 'routing_key=join_chat.manager.1234567890'])>
on_add_friend_cmd, body - b'signal:add_friend from manager to seal:0987654321 with #0', header - <BasicProperties(['content_type=text/plain'])>, method - <Basic.Deliver(['consumer_tag=ctag1.74678979a1a4448a8229b87b2774a57e', 'delivery_tag=95', 'exchange=manager_to_seal', 'redelivered=False', 'routing_key=add_friend.manager.0987654321'])>
on_join_chat_cmd, body - b'signal:join_chat from manager to seal:0987654321 with #0', header - <BasicProperties(['content_type=text/plain'])>, method - <Basic.Deliver(['consumer_tag=ctag1.027b294c4fe14671bd367e7a0734d38a', 'delivery_tag=96', 'exchange=manager_to_seal', 'redelivered=False', 'routing_key=join_chat.manager.0987654321'])>
on_add_friend_cmd, body - b'signal:add_friend from manager to seal:0987654321 with #2', header - <BasicProperties(['content_type=text/plain'])>, method - <Basic.Deliver(['consumer_tag=ctag1.74678979a1a4448a8229b87b2774a57e', 'delivery_tag=97', 'exchange=manager_to_seal', 'redelivered=False', 'routing_key=add_friend.manager.0987654321'])>
on_join_chat_cmd, body - b'signal:join_chat from manager to seal:0987654321 with #2', header - <BasicProperties(['content_type=text/plain'])>, method - <Basic.Deliver(['consumer_tag=ctag1.027b294c4fe14671bd367e7a0734d38a', 'delivery_tag=98', 'exchange=manager_to_seal', 'redelivered=False', 'routing_key=join_chat.manager.0987654321'])>
on_add_friend_cmd, body - b'signal:add_friend from manager to seal:0987654321 with #4', header - <BasicProperties(['content_type=text/plain'])>, method - <Basic.Deliver(['consumer_tag=ctag1.74678979a1a4448a8229b87b2774a57e', 'delivery_tag=99', 'exchange=manager_to_seal', 'redelivered=False', 'routing_key=add_friend.manager.0987654321'])>
on_join_chat_cmd, body - b'signal:join_chat from manager to seal:0987654321 with #4', header - <BasicProperties(['content_type=text/plain'])>, method - <Basic.Deliver(['consumer_tag=ctag1.027b294c4fe14671bd367e7a0734d38a', 'delivery_tag=100', 'exchange=manager_to_seal', 'redelivered=False', 'routing_key=join_chat.manager.0987654321'])>
* seal's processing messages ...
seal receiving signals...
on_add_friend_cmd, body - b'signal:add_friend from manager to seal:1234567890 with #1', header - <BasicProperties(['content_type=text/plain'])>, method - <Basic.Deliver(['consumer_tag=ctag1.74678979a1a4448a8229b87b2774a57e', 'delivery_tag=101', 'exchange=manager_to_seal', 'redelivered=False', 'routing_key=add_friend.manager.1234567890'])>
on_join_chat_cmd, body - b'signal:join_chat from manager to seal:1234567890 with #1', header - <BasicProperties(['content_type=text/plain'])>, method - <Basic.Deliver(['consumer_tag=ctag1.027b294c4fe14671bd367e7a0734d38a', 'delivery_tag=102', 'exchange=manager_to_seal', 'redelivered=False', 'routing_key=join_chat.manager.1234567890'])>
on_add_friend_cmd, body - b'signal:add_friend from manager to seal:1234567890 with #3', header - <BasicProperties(['content_type=text/plain'])>, method - <Basic.Deliver(['consumer_tag=ctag1.74678979a1a4448a8229b87b2774a57e', 'delivery_tag=103', 'exchange=manager_to_seal', 'redelivered=False', 'routing_key=add_friend.manager.1234567890'])>
on_join_chat_cmd, body - b'signal:join_chat from manager to seal:1234567890 with #3', header - <BasicProperties(['content_type=text/plain'])>, method - <Basic.Deliver(['consumer_tag=ctag1.027b294c4fe14671bd367e7a0734d38a', 'delivery_tag=104', 'exchange=manager_to_seal', 'redelivered=False', 'routing_key=join_chat.manager.1234567890'])>
on_add_friend_cmd, body - b'signal:add_friend from manager to seal:0987654321 with #0', header - <BasicProperties(['content_type=text/plain'])>, method - <Basic.Deliver(['consumer_tag=ctag1.74678979a1a4448a8229b87b2774a57e', 'delivery_tag=105', 'exchange=manager_to_seal', 'redelivered=False', 'routing_key=add_friend.manager.0987654321'])>
on_join_chat_cmd, body - b'signal:join_chat from manager to seal:0987654321 with #0', header - <BasicProperties(['content_type=text/plain'])>, method - <Basic.Deliver(['consumer_tag=ctag1.027b294c4fe14671bd367e7a0734d38a', 'delivery_tag=106', 'exchange=manager_to_seal', 'redelivered=False', 'routing_key=join_chat.manager.0987654321'])>
on_add_friend_cmd, body - b'signal:add_friend from manager to seal:0987654321 with #2', header - <BasicProperties(['content_type=text/plain'])>, method - <Basic.Deliver(['consumer_tag=ctag1.74678979a1a4448a8229b87b2774a57e', 'delivery_tag=107', 'exchange=manager_to_seal', 'redelivered=False', 'routing_key=add_friend.manager.0987654321'])>
on_join_chat_cmd, body - b'signal:join_chat from manager to seal:0987654321 with #2', header - <BasicProperties(['content_type=text/plain'])>, method - <Basic.Deliver(['consumer_tag=ctag1.027b294c4fe14671bd367e7a0734d38a', 'delivery_tag=108', 'exchange=manager_to_seal', 'redelivered=False', 'routing_key=join_chat.manager.0987654321'])>
on_add_friend_cmd, body - b'signal:add_friend from manager to seal:0987654321 with #4', header - <BasicProperties(['content_type=text/plain'])>, method - <Basic.Deliver(['consumer_tag=ctag1.74678979a1a4448a8229b87b2774a57e', 'delivery_tag=109', 'exchange=manager_to_seal', 'redelivered=False', 'routing_key=add_friend.manager.0987654321'])>
on_join_chat_cmd, body - b'signal:join_chat from manager to seal:0987654321 with #4', header - <BasicProperties(['content_type=text/plain'])>, method - <Basic.Deliver(['consumer_tag=ctag1.027b294c4fe14671bd367e7a0734d38a', 'delivery_tag=110', 'exchange=manager_to_seal', 'redelivered=False', 'routing_key=join_chat.manager.0987654321'])>
* seal's processing messages ...
seal receiving signals...
on_add_friend_cmd, body - b'signal:add_friend from manager to seal:1234567890 with #1', header - <BasicProperties(['content_type=text/plain'])>, method - <Basic.Deliver(['consumer_tag=ctag1.74678979a1a4448a8229b87b2774a57e', 'delivery_tag=111', 'exchange=manager_to_seal', 'redelivered=False', 'routing_key=add_friend.manager.1234567890'])>
on_join_chat_cmd, body - b'signal:join_chat from manager to seal:1234567890 with #1', header - <BasicProperties(['content_type=text/plain'])>, method - <Basic.Deliver(['consumer_tag=ctag1.027b294c4fe14671bd367e7a0734d38a', 'delivery_tag=112', 'exchange=manager_to_seal', 'redelivered=False', 'routing_key=join_chat.manager.1234567890'])>
on_add_friend_cmd, body - b'signal:add_friend from manager to seal:1234567890 with #3', header - <BasicProperties(['content_type=text/plain'])>, method - <Basic.Deliver(['consumer_tag=ctag1.74678979a1a4448a8229b87b2774a57e', 'delivery_tag=113', 'exchange=manager_to_seal', 'redelivered=False', 'routing_key=add_friend.manager.1234567890'])>
on_join_chat_cmd, body - b'signal:join_chat from manager to seal:1234567890 with #3', header - <BasicProperties(['content_type=text/plain'])>, method - <Basic.Deliver(['consumer_tag=ctag1.027b294c4fe14671bd367e7a0734d38a', 'delivery_tag=114', 'exchange=manager_to_seal', 'redelivered=False', 'routing_key=join_chat.manager.1234567890'])>
on_add_friend_cmd, body - b'signal:add_friend from manager to seal:0987654321 with #0', header - <BasicProperties(['content_type=text/plain'])>, method - <Basic.Deliver(['consumer_tag=ctag1.74678979a1a4448a8229b87b2774a57e', 'delivery_tag=115', 'exchange=manager_to_seal', 'redelivered=False', 'routing_key=add_friend.manager.0987654321'])>
on_join_chat_cmd, body - b'signal:join_chat from manager to seal:0987654321 with #0', header - <BasicProperties(['content_type=text/plain'])>, method - <Basic.Deliver(['consumer_tag=ctag1.027b294c4fe14671bd367e7a0734d38a', 'delivery_tag=116', 'exchange=manager_to_seal', 'redelivered=False', 'routing_key=join_chat.manager.0987654321'])>
on_add_friend_cmd, body - b'signal:add_friend from manager to seal:0987654321 with #2', header - <BasicProperties(['content_type=text/plain'])>, method - <Basic.Deliver(['consumer_tag=ctag1.74678979a1a4448a8229b87b2774a57e', 'delivery_tag=117', 'exchange=manager_to_seal', 'redelivered=False', 'routing_key=add_friend.manager.0987654321'])>
on_join_chat_cmd, body - b'signal:join_chat from manager to seal:0987654321 with #2', header - <BasicProperties(['content_type=text/plain'])>, method - <Basic.Deliver(['consumer_tag=ctag1.027b294c4fe14671bd367e7a0734d38a', 'delivery_tag=118', 'exchange=manager_to_seal', 'redelivered=False', 'routing_key=join_chat.manager.0987654321'])>
on_add_friend_cmd, body - b'signal:add_friend from manager to seal:0987654321 with #4', header - <BasicProperties(['content_type=text/plain'])>, method - <Basic.Deliver(['consumer_tag=ctag1.74678979a1a4448a8229b87b2774a57e', 'delivery_tag=119', 'exchange=manager_to_seal', 'redelivered=False', 'routing_key=add_friend.manager.0987654321'])>
on_join_chat_cmd, body - b'signal:join_chat from manager to seal:0987654321 with #4', header - <BasicProperties(['content_type=text/plain'])>, method - <Basic.Deliver(['consumer_tag=ctag1.027b294c4fe14671bd367e7a0734d38a', 'delivery_tag=120', 'exchange=manager_to_seal', 'redelivered=False', 'routing_key=join_chat.manager.0987654321'])>
* seal's processing messages ...
seal receiving signals...
on_add_friend_cmd, body - b'signal:add_friend from manager to seal:1234567890 with #1', header - <BasicProperties(['content_type=text/plain'])>, method - <Basic.Deliver(['consumer_tag=ctag1.74678979a1a4448a8229b87b2774a57e', 'delivery_tag=121', 'exchange=manager_to_seal', 'redelivered=False', 'routing_key=add_friend.manager.1234567890'])>
on_join_chat_cmd, body - b'signal:join_chat from manager to seal:1234567890 with #1', header - <BasicProperties(['content_type=text/plain'])>, method - <Basic.Deliver(['consumer_tag=ctag1.027b294c4fe14671bd367e7a0734d38a', 'delivery_tag=122', 'exchange=manager_to_seal', 'redelivered=False', 'routing_key=join_chat.manager.1234567890'])>
on_add_friend_cmd, body - b'signal:add_friend from manager to seal:1234567890 with #3', header - <BasicProperties(['content_type=text/plain'])>, method - <Basic.Deliver(['consumer_tag=ctag1.74678979a1a4448a8229b87b2774a57e', 'delivery_tag=123', 'exchange=manager_to_seal', 'redelivered=False', 'routing_key=add_friend.manager.1234567890'])>
on_join_chat_cmd, body - b'signal:join_chat from manager to seal:1234567890 with #3', header - <BasicProperties(['content_type=text/plain'])>, method - <Basic.Deliver(['consumer_tag=ctag1.027b294c4fe14671bd367e7a0734d38a', 'delivery_tag=124', 'exchange=manager_to_seal', 'redelivered=False', 'routing_key=join_chat.manager.1234567890'])>
on_add_friend_cmd, body - b'signal:add_friend from manager to seal:0987654321 with #0', header - <BasicProperties(['content_type=text/plain'])>, method - <Basic.Deliver(['consumer_tag=ctag1.74678979a1a4448a8229b87b2774a57e', 'delivery_tag=125', 'exchange=manager_to_seal', 'redelivered=False', 'routing_key=add_friend.manager.0987654321'])>
on_join_chat_cmd, body - b'signal:join_chat from manager to seal:0987654321 with #0', header - <BasicProperties(['content_type=text/plain'])>, method - <Basic.Deliver(['consumer_tag=ctag1.027b294c4fe14671bd367e7a0734d38a', 'delivery_tag=126', 'exchange=manager_to_seal', 'redelivered=False', 'routing_key=join_chat.manager.0987654321'])>
* seal's processing messages ...
seal receiving signals...
on_add_friend_cmd, body - b'signal:add_friend from manager to seal:0987654321 with #2', header - <BasicProperties(['content_type=text/plain'])>, method - <Basic.Deliver(['consumer_tag=ctag1.74678979a1a4448a8229b87b2774a57e', 'delivery_tag=127', 'exchange=manager_to_seal', 'redelivered=False', 'routing_key=add_friend.manager.0987654321'])>
on_join_chat_cmd, body - b'signal:join_chat from manager to seal:0987654321 with #2', header - <BasicProperties(['content_type=text/plain'])>, method - <Basic.Deliver(['consumer_tag=ctag1.027b294c4fe14671bd367e7a0734d38a', 'delivery_tag=128', 'exchange=manager_to_seal', 'redelivered=False', 'routing_key=join_chat.manager.0987654321'])>
on_add_friend_cmd, body - b'signal:add_friend from manager to seal:0987654321 with #4', header - <BasicProperties(['content_type=text/plain'])>, method - <Basic.Deliver(['consumer_tag=ctag1.74678979a1a4448a8229b87b2774a57e', 'delivery_tag=129', 'exchange=manager_to_seal', 'redelivered=False', 'routing_key=add_friend.manager.0987654321'])>
on_join_chat_cmd, body - b'signal:join_chat from manager to seal:0987654321 with #4', header - <BasicProperties(['content_type=text/plain'])>, method - <Basic.Deliver(['consumer_tag=ctag1.027b294c4fe14671bd367e7a0734d38a', 'delivery_tag=130', 'exchange=manager_to_seal', 'redelivered=False', 'routing_key=join_chat.manager.0987654321'])>
on_add_friend_cmd, body - b'signal:add_friend from manager to seal:1234567890 with #1', header - <BasicProperties(['content_type=text/plain'])>, method - <Basic.Deliver(['consumer_tag=ctag1.74678979a1a4448a8229b87b2774a57e', 'delivery_tag=131', 'exchange=manager_to_seal', 'redelivered=False', 'routing_key=add_friend.manager.1234567890'])>
on_join_chat_cmd, body - b'signal:join_chat from manager to seal:1234567890 with #1', header - <BasicProperties(['content_type=text/plain'])>, method - <Basic.Deliver(['consumer_tag=ctag1.027b294c4fe14671bd367e7a0734d38a', 'delivery_tag=132', 'exchange=manager_to_seal', 'redelivered=False', 'routing_key=join_chat.manager.1234567890'])>
on_add_friend_cmd, body - b'signal:add_friend from manager to seal:1234567890 with #3', header - <BasicProperties(['content_type=text/plain'])>, method - <Basic.Deliver(['consumer_tag=ctag1.74678979a1a4448a8229b87b2774a57e', 'delivery_tag=133', 'exchange=manager_to_seal', 'redelivered=False', 'routing_key=add_friend.manager.1234567890'])>
* seal's processing messages ...
seal receiving signals...
on_join_chat_cmd, body - b'signal:join_chat from manager to seal:1234567890 with #3', header - <BasicProperties(['content_type=text/plain'])>, method - <Basic.Deliver(['consumer_tag=ctag1.027b294c4fe14671bd367e7a0734d38a', 'delivery_tag=134', 'exchange=manager_to_seal', 'redelivered=False', 'routing_key=join_chat.manager.1234567890'])>
on_add_friend_cmd, body - b'signal:add_friend from manager to seal:0987654321 with #0', header - <BasicProperties(['content_type=text/plain'])>, method - <Basic.Deliver(['consumer_tag=ctag1.74678979a1a4448a8229b87b2774a57e', 'delivery_tag=135', 'exchange=manager_to_seal', 'redelivered=False', 'routing_key=add_friend.manager.0987654321'])>
on_join_chat_cmd, body - b'signal:join_chat from manager to seal:0987654321 with #0', header - <BasicProperties(['content_type=text/plain'])>, method - <Basic.Deliver(['consumer_tag=ctag1.027b294c4fe14671bd367e7a0734d38a', 'delivery_tag=136', 'exchange=manager_to_seal', 'redelivered=False', 'routing_key=join_chat.manager.0987654321'])>
on_add_friend_cmd, body - b'signal:add_friend from manager to seal:0987654321 with #2', header - <BasicProperties(['content_type=text/plain'])>, method - <Basic.Deliver(['consumer_tag=ctag1.74678979a1a4448a8229b87b2774a57e', 'delivery_tag=137', 'exchange=manager_to_seal', 'redelivered=False', 'routing_key=add_friend.manager.0987654321'])>
on_join_chat_cmd, body - b'signal:join_chat from manager to seal:0987654321 with #2', header - <BasicProperties(['content_type=text/plain'])>, method - <Basic.Deliver(['consumer_tag=ctag1.027b294c4fe14671bd367e7a0734d38a', 'delivery_tag=138', 'exchange=manager_to_seal', 'redelivered=False', 'routing_key=join_chat.manager.0987654321'])>
on_add_friend_cmd, body - b'signal:add_friend from manager to seal:0987654321 with #4', header - <BasicProperties(['content_type=text/plain'])>, method - <Basic.Deliver(['consumer_tag=ctag1.74678979a1a4448a8229b87b2774a57e', 'delivery_tag=139', 'exchange=manager_to_seal', 'redelivered=False', 'routing_key=add_friend.manager.0987654321'])>
on_join_chat_cmd, body - b'signal:join_chat from manager to seal:0987654321 with #4', header - <BasicProperties(['content_type=text/plain'])>, method - <Basic.Deliver(['consumer_tag=ctag1.027b294c4fe14671bd367e7a0734d38a', 'delivery_tag=140', 'exchange=manager_to_seal', 'redelivered=False', 'routing_key=join_chat.manager.0987654321'])>
* seal's processing messages ...
seal receiving signals...
on_add_friend_cmd, body - b'signal:add_friend from manager to seal:1234567890 with #1', header - <BasicProperties(['content_type=text/plain'])>, method - <Basic.Deliver(['consumer_tag=ctag1.74678979a1a4448a8229b87b2774a57e', 'delivery_tag=141', 'exchange=manager_to_seal', 'redelivered=False', 'routing_key=add_friend.manager.1234567890'])>
on_join_chat_cmd, body - b'signal:join_chat from manager to seal:1234567890 with #1', header - <BasicProperties(['content_type=text/plain'])>, method - <Basic.Deliver(['consumer_tag=ctag1.027b294c4fe14671bd367e7a0734d38a', 'delivery_tag=142', 'exchange=manager_to_seal', 'redelivered=False', 'routing_key=join_chat.manager.1234567890'])>
on_add_friend_cmd, body - b'signal:add_friend from manager to seal:1234567890 with #3', header - <BasicProperties(['content_type=text/plain'])>, method - <Basic.Deliver(['consumer_tag=ctag1.74678979a1a4448a8229b87b2774a57e', 'delivery_tag=143', 'exchange=manager_to_seal', 'redelivered=False', 'routing_key=add_friend.manager.1234567890'])>
on_join_chat_cmd, body - b'signal:join_chat from manager to seal:1234567890 with #3', header - <BasicProperties(['content_type=text/plain'])>, method - <Basic.Deliver(['consumer_tag=ctag1.027b294c4fe14671bd367e7a0734d38a', 'delivery_tag=144', 'exchange=manager_to_seal', 'redelivered=False', 'routing_key=join_chat.manager.1234567890'])>
on_add_friend_cmd, body - b'signal:add_friend from manager to seal:0987654321 with #0', header - <BasicProperties(['content_type=text/plain'])>, method - <Basic.Deliver(['consumer_tag=ctag1.74678979a1a4448a8229b87b2774a57e', 'delivery_tag=145', 'exchange=manager_to_seal', 'redelivered=False', 'routing_key=add_friend.manager.0987654321'])>
on_join_chat_cmd, body - b'signal:join_chat from manager to seal:0987654321 with #0', header - <BasicProperties(['content_type=text/plain'])>, method - <Basic.Deliver(['consumer_tag=ctag1.027b294c4fe14671bd367e7a0734d38a', 'delivery_tag=146', 'exchange=manager_to_seal', 'redelivered=False', 'routing_key=join_chat.manager.0987654321'])>
on_add_friend_cmd, body - b'signal:add_friend from manager to seal:0987654321 with #2', header - <BasicProperties(['content_type=text/plain'])>, method - <Basic.Deliver(['consumer_tag=ctag1.74678979a1a4448a8229b87b2774a57e', 'delivery_tag=147', 'exchange=manager_to_seal', 'redelivered=False', 'routing_key=add_friend.manager.0987654321'])>
on_join_chat_cmd, body - b'signal:join_chat from manager to seal:0987654321 with #2', header - <BasicProperties(['content_type=text/plain'])>, method - <Basic.Deliver(['consumer_tag=ctag1.027b294c4fe14671bd367e7a0734d38a', 'delivery_tag=148', 'exchange=manager_to_seal', 'redelivered=False', 'routing_key=join_chat.manager.0987654321'])>
on_add_friend_cmd, body - b'signal:add_friend from manager to seal:0987654321 with #4', header - <BasicProperties(['content_type=text/plain'])>, method - <Basic.Deliver(['consumer_tag=ctag1.74678979a1a4448a8229b87b2774a57e', 'delivery_tag=149', 'exchange=manager_to_seal', 'redelivered=False', 'routing_key=add_friend.manager.0987654321'])>
on_join_chat_cmd, body - b'signal:join_chat from manager to seal:0987654321 with #4', header - <BasicProperties(['content_type=text/plain'])>, method - <Basic.Deliver(['consumer_tag=ctag1.027b294c4fe14671bd367e7a0734d38a', 'delivery_tag=150', 'exchange=manager_to_seal', 'redelivered=False', 'routing_key=join_chat.manager.0987654321'])>
* seal's processing messages ...
seal receiving signals...
on_add_friend_cmd, body - b'signal:add_friend from manager to seal:1234567890 with #1', header - <BasicProperties(['content_type=text/plain'])>, method - <Basic.Deliver(['consumer_tag=ctag1.74678979a1a4448a8229b87b2774a57e', 'delivery_tag=151', 'exchange=manager_to_seal', 'redelivered=False', 'routing_key=add_friend.manager.1234567890'])>
on_join_chat_cmd, body - b'signal:join_chat from manager to seal:1234567890 with #1', header - <BasicProperties(['content_type=text/plain'])>, method - <Basic.Deliver(['consumer_tag=ctag1.027b294c4fe14671bd367e7a0734d38a', 'delivery_tag=152', 'exchange=manager_to_seal', 'redelivered=False', 'routing_key=join_chat.manager.1234567890'])>
on_add_friend_cmd, body - b'signal:add_friend from manager to seal:1234567890 with #3', header - <BasicProperties(['content_type=text/plain'])>, method - <Basic.Deliver(['consumer_tag=ctag1.74678979a1a4448a8229b87b2774a57e', 'delivery_tag=153', 'exchange=manager_to_seal', 'redelivered=False', 'routing_key=add_friend.manager.1234567890'])>
on_join_chat_cmd, body - b'signal:join_chat from manager to seal:1234567890 with #3', header - <BasicProperties(['content_type=text/plain'])>, method - <Basic.Deliver(['consumer_tag=ctag1.027b294c4fe14671bd367e7a0734d38a', 'delivery_tag=154', 'exchange=manager_to_seal', 'redelivered=False', 'routing_key=join_chat.manager.1234567890'])>
on_add_friend_cmd, body - b'signal:add_friend from manager to seal:0987654321 with #0', header - <BasicProperties(['content_type=text/plain'])>, method - <Basic.Deliver(['consumer_tag=ctag1.74678979a1a4448a8229b87b2774a57e', 'delivery_tag=155', 'exchange=manager_to_seal', 'redelivered=False', 'routing_key=add_friend.manager.0987654321'])>
on_join_chat_cmd, body - b'signal:join_chat from manager to seal:0987654321 with #0', header - <BasicProperties(['content_type=text/plain'])>, method - <Basic.Deliver(['consumer_tag=ctag1.027b294c4fe14671bd367e7a0734d38a', 'delivery_tag=156', 'exchange=manager_to_seal', 'redelivered=False', 'routing_key=join_chat.manager.0987654321'])>
on_add_friend_cmd, body - b'signal:add_friend from manager to seal:0987654321 with #2', header - <BasicProperties(['content_type=text/plain'])>, method - <Basic.Deliver(['consumer_tag=ctag1.74678979a1a4448a8229b87b2774a57e', 'delivery_tag=157', 'exchange=manager_to_seal', 'redelivered=False', 'routing_key=add_friend.manager.0987654321'])>
on_join_chat_cmd, body - b'signal:join_chat from manager to seal:0987654321 with #2', header - <BasicProperties(['content_type=text/plain'])>, method - <Basic.Deliver(['consumer_tag=ctag1.027b294c4fe14671bd367e7a0734d38a', 'delivery_tag=158', 'exchange=manager_to_seal', 'redelivered=False', 'routing_key=join_chat.manager.0987654321'])>
on_add_friend_cmd, body - b'signal:add_friend from manager to seal:0987654321 with #4', header - <BasicProperties(['content_type=text/plain'])>, method - <Basic.Deliver(['consumer_tag=ctag1.74678979a1a4448a8229b87b2774a57e', 'delivery_tag=159', 'exchange=manager_to_seal', 'redelivered=False', 'routing_key=add_friend.manager.0987654321'])>
on_join_chat_cmd, body - b'signal:join_chat from manager to seal:0987654321 with #4', header - <BasicProperties(['content_type=text/plain'])>, method - <Basic.Deliver(['consumer_tag=ctag1.027b294c4fe14671bd367e7a0734d38a', 'delivery_tag=160', 'exchange=manager_to_seal', 'redelivered=False', 'routing_key=join_chat.manager.0987654321'])>
on_stop_seal_cmd, body - b'signal:stop_seal from manager to seal:0987654321', header - <BasicProperties(['content_type=text/plain'])>, method - <Basic.Deliver(['consumer_tag=ctag1.7024f01098bb43df8125641ace8c4971', 'delivery_tag=161', 'exchange=manager_to_seal', 'redelivered=False', 'routing_key=stop_seal.manager.0987654321'])>
SealManager exception: Seal 0987654321 received stop_signal from manager - stopping...
Seal process finished...
